1521447487952	geckodriver	INFO	geckodriver 0.19.1
1521447487956	geckodriver	INFO	Listening on 127.0.0.1:35217
1521447489047	mozrunner::runner	INFO	Running command: "/usr/bin/firefox" "-marionette" "-profile" "/tmp/rust_mozprofile.56VI0NdXEEWd"
1521447489919	Marionette	INFO	Enabled via --marionette
1521447493246	Marionette	INFO	Listening on port 44691
1521447493265	Marionette	WARN	TLS certificate errors will be ignored for this session
1521447515529	geckodriver	INFO	geckodriver 0.19.1
1521447515534	geckodriver	INFO	Listening on 127.0.0.1:38313
1521447516618	mozrunner::runner	INFO	Running command: "/usr/bin/firefox" "-marionette" "-profile" "/tmp/rust_mozprofile.g0B1O6hIWxJD"
1521447517411	Marionette	INFO	Enabled via --marionette
1521447520235	Marionette	INFO	Listening on port 35385
1521447520330	Marionette	WARN	TLS certificate errors will be ignored for this session
1521448022126	geckodriver	INFO	geckodriver 0.19.1
1521448022129	geckodriver	INFO	Listening on 127.0.0.1:51703
1521448023217	mozrunner::runner	INFO	Running command: "/usr/bin/firefox" "-marionette" "-profile" "/tmp/rust_mozprofile.KaHEku7JFwgA"
1521448024118	Marionette	INFO	Enabled via --marionette
1521448027221	Marionette	INFO	Listening on port 39683
1521448027229	Marionette	WARN	TLS certificate errors will be ignored for this session
1521448053241	geckodriver	INFO	geckodriver 0.19.1
1521448053249	geckodriver	INFO	Listening on 127.0.0.1:47757
1521448054328	mozrunner::runner	INFO	Running command: "/usr/bin/firefox" "-marionette" "-profile" "/tmp/rust_mozprofile.d9AGTvTF2yfz"
1521448055254	Marionette	INFO	Enabled via --marionette
1521448058507	Marionette	INFO	Listening on port 44669
1521448058552	Marionette	WARN	TLS certificate errors will be ignored for this session
1521448631861	geckodriver	INFO	geckodriver 0.19.1
1521448631863	geckodriver	INFO	Listening on 127.0.0.1:40307
1521448632972	mozrunner::runner	INFO	Running command: "/usr/bin/firefox" "-marionette" "-profile" "/tmp/rust_mozprofile.soPSxaSvWbSs"
1521448633922	Marionette	INFO	Enabled via --marionette
1521448637054	Marionette	INFO	Listening on port 44961
1521448637094	Marionette	WARN	TLS certificate errors will be ignored for this session
1521448680888	geckodriver	INFO	geckodriver 0.19.1
1521448680896	geckodriver	INFO	Listening on 127.0.0.1:38289
1521448681981	mozrunner::runner	INFO	Running command: "/usr/bin/firefox" "-marionette" "-profile" "/tmp/rust_mozprofile.xcQ03UYNYoFY"
1521448682808	Marionette	INFO	Enabled via --marionette
1521448685617	Marionette	INFO	Listening on port 33495
1521448685694	Marionette	WARN	TLS certificate errors will be ignored for this session
1521448929858	geckodriver	INFO	geckodriver 0.19.1
1521448929862	geckodriver	INFO	Listening on 127.0.0.1:32987
1521448930950	mozrunner::runner	INFO	Running command: "/usr/bin/firefox" "-marionette" "-profile" "/tmp/rust_mozprofile.nwd8KzPEzXnZ"
1521448931982	Marionette	INFO	Enabled via --marionette
1521448934942	Marionette	INFO	Listening on port 46713
1521448934968	Marionette	WARN	TLS certificate errors will be ignored for this session
1521448956468	geckodriver	INFO	geckodriver 0.19.1
1521448956473	geckodriver	INFO	Listening on 127.0.0.1:49517
1521448957560	mozrunner::runner	INFO	Running command: "/usr/bin/firefox" "-marionette" "-profile" "/tmp/rust_mozprofile.jw6ppGR9WmGq"
1521448958378	Marionette	INFO	Enabled via --marionette
1521448961161	Marionette	INFO	Listening on port 38213
1521448961182	Marionette	WARN	TLS certificate errors will be ignored for this session
1521449131944	geckodriver	INFO	geckodriver 0.19.1
1521449131947	geckodriver	INFO	Listening on 127.0.0.1:51779
1521449133048	mozrunner::runner	INFO	Running command: "/usr/bin/firefox" "-marionette" "-profile" "/tmp/rust_mozprofile.1LXv5Abdf1qT"
1521449133897	Marionette	INFO	Enabled via --marionette
1521449136586	Marionette	INFO	Listening on port 45189
1521449136672	Marionette	WARN	TLS certificate errors will be ignored for this session
1521449158785	geckodriver	INFO	geckodriver 0.19.1
1521449158793	geckodriver	INFO	Listening on 127.0.0.1:60065
1521449159876	mozrunner::runner	INFO	Running command: "/usr/bin/firefox" "-marionette" "-profile" "/tmp/rust_mozprofile.1doiga17gVAn"
1521449160737	Marionette	INFO	Enabled via --marionette
1521449163532	Marionette	INFO	Listening on port 35079
1521449163613	Marionette	WARN	TLS certificate errors will be ignored for this session
1521449744169	geckodriver	INFO	geckodriver 0.19.1
1521449744172	geckodriver	INFO	Listening on 127.0.0.1:59637
1521449745261	mozrunner::runner	INFO	Running command: "/usr/bin/firefox" "-marionette" "-profile" "/tmp/rust_mozprofile.Tzqx04dWPLiY"
1521449746081	Marionette	INFO	Enabled via --marionette
1521449749336	Marionette	INFO	Listening on port 35655
1521449749386	Marionette	WARN	TLS certificate errors will be ignored for this session
1521449775075	geckodriver	INFO	geckodriver 0.19.1
1521449775082	geckodriver	INFO	Listening on 127.0.0.1:57889
1521449776163	mozrunner::runner	INFO	Running command: "/usr/bin/firefox" "-marionette" "-profile" "/tmp/rust_mozprofile.6W70WLhC4JLY"
1521449776954	Marionette	INFO	Enabled via --marionette
1521449779903	Marionette	INFO	Listening on port 37829
1521449779986	Marionette	WARN	TLS certificate errors will be ignored for this session
1521450028850	geckodriver	INFO	geckodriver 0.19.1
1521450028854	geckodriver	INFO	Listening on 127.0.0.1:47255
1521450029945	mozrunner::runner	INFO	Running command: "/usr/bin/firefox" "-marionette" "-profile" "/tmp/rust_mozprofile.WVakLPogSbsw"
1521450030733	Marionette	INFO	Enabled via --marionette
1521450034130	Marionette	INFO	Listening on port 36059
1521450034163	Marionette	WARN	TLS certificate errors will be ignored for this session
1521450055950	geckodriver	INFO	geckodriver 0.19.1
1521450055955	geckodriver	INFO	Listening on 127.0.0.1:52181
1521450057034	mozrunner::runner	INFO	Running command: "/usr/bin/firefox" "-marionette" "-profile" "/tmp/rust_mozprofile.GHdHjfUtvC1c"
1521450057862	Marionette	INFO	Enabled via --marionette
1521450060752	Marionette	INFO	Listening on port 35103
1521450060864	Marionette	WARN	TLS certificate errors will be ignored for this session
1521450470186	geckodriver	INFO	geckodriver 0.19.1
1521450470190	geckodriver	INFO	Listening on 127.0.0.1:37517
1521450471281	mozrunner::runner	INFO	Running command: "/usr/bin/firefox" "-marionette" "-profile" "/tmp/rust_mozprofile.97QCV1TcjyJF"
1521450472070	Marionette	INFO	Enabled via --marionette
1521450474751	Marionette	INFO	Listening on port 37267
1521450474801	Marionette	WARN	TLS certificate errors will be ignored for this session
[GFX1-]: Receive IPC close with reason=AbnormalShutdown
1521450496082	geckodriver	INFO	geckodriver 0.19.1
1521450496086	geckodriver	INFO	Listening on 127.0.0.1:42949
1521450497175	mozrunner::runner	INFO	Running command: "/usr/bin/firefox" "-marionette" "-profile" "/tmp/rust_mozprofile.KMm76VgNV3hZ"
1521450497999	Marionette	INFO	Enabled via --marionette
1521450500985	Marionette	INFO	Listening on port 45315
1521450501086	Marionette	WARN	TLS certificate errors will be ignored for this session
[GFX1-]: Receive IPC close with reason=AbnormalShutdown
1521450914620	geckodriver	INFO	geckodriver 0.19.1
1521450914622	geckodriver	INFO	Listening on 127.0.0.1:38209
1521450915711	mozrunner::runner	INFO	Running command: "/usr/bin/firefox" "-marionette" "-profile" "/tmp/rust_mozprofile.3qtXRdeBYddH"
1521450916535	Marionette	INFO	Enabled via --marionette
1521450919301	Marionette	INFO	Listening on port 33821
1521450919326	Marionette	WARN	TLS certificate errors will be ignored for this session
1521450941362	geckodriver	INFO	geckodriver 0.19.1
1521450941368	geckodriver	INFO	Listening on 127.0.0.1:51309
1521450942494	mozrunner::runner	INFO	Running command: "/usr/bin/firefox" "-marionette" "-profile" "/tmp/rust_mozprofile.B905jiu6nNVR"
1521450944881	Marionette	INFO	Enabled via --marionette
1521450947964	Marionette	INFO	Listening on port 34233
1521450948043	Marionette	WARN	TLS certificate errors will be ignored for this session
1521453345833	geckodriver	INFO	geckodriver 0.19.1
1521453345842	geckodriver	INFO	Listening on 127.0.0.1:41465
1521453346928	mozrunner::runner	INFO	Running command: "/usr/bin/firefox" "-marionette" "-profile" "/tmp/rust_mozprofile.kmGFtNdnYzUZ"
1521453348085	Marionette	INFO	Enabled via --marionette
1521453351171	Marionette	INFO	Listening on port 37141
1521453351248	Marionette	WARN	TLS certificate errors will be ignored for this session
1521453374328	geckodriver	INFO	geckodriver 0.19.1
1521453374335	geckodriver	INFO	Listening on 127.0.0.1:37221
1521453375412	mozrunner::runner	INFO	Running command: "/usr/bin/firefox" "-marionette" "-profile" "/tmp/rust_mozprofile.1l1nlvEd134w"
1521453376343	Marionette	INFO	Enabled via --marionette
1521453379580	Marionette	INFO	Listening on port 36803
1521453379633	Marionette	WARN	TLS certificate errors will be ignored for this session
1521453789781	geckodriver	INFO	geckodriver 0.19.1
1521453789784	geckodriver	INFO	Listening on 127.0.0.1:47939
1521453790875	mozrunner::runner	INFO	Running command: "/usr/bin/firefox" "-marionette" "-profile" "/tmp/rust_mozprofile.dpIDycozazos"
1521453791726	Marionette	INFO	Enabled via --marionette
1521453794730	Marionette	INFO	Listening on port 44453
1521453794790	Marionette	WARN	TLS certificate errors will be ignored for this session
1521453830147	geckodriver	INFO	geckodriver 0.19.1
1521453830177	geckodriver	INFO	Listening on 127.0.0.1:59985
1521453831243	mozrunner::runner	INFO	Running command: "/usr/bin/firefox" "-marionette" "-profile" "/tmp/rust_mozprofile.fgBZsTtGKd3O"
1521453832103	Marionette	INFO	Enabled via --marionette
1521453834834	Marionette	INFO	Listening on port 46229
1521453834866	Marionette	WARN	TLS certificate errors will be ignored for this session
1521454211394	geckodriver	INFO	geckodriver 0.19.1
1521454211397	geckodriver	INFO	Listening on 127.0.0.1:41669
1521454212485	mozrunner::runner	INFO	Running command: "/usr/bin/firefox" "-marionette" "-profile" "/tmp/rust_mozprofile.sRNZEGHmQZi6"
1521454213335	Marionette	INFO	Enabled via --marionette
1521454216535	Marionette	INFO	Listening on port 46197
1521454216603	Marionette	WARN	TLS certificate errors will be ignored for this session
1521454250398	geckodriver	INFO	geckodriver 0.19.1
1521454250403	geckodriver	INFO	Listening on 127.0.0.1:48183
1521454251489	mozrunner::runner	INFO	Running command: "/usr/bin/firefox" "-marionette" "-profile" "/tmp/rust_mozprofile.kJ9iGHblRa9P"
1521454252265	Marionette	INFO	Enabled via --marionette
1521454254851	Marionette	INFO	Listening on port 42871
1521454254903	Marionette	WARN	TLS certificate errors will be ignored for this session
1521454585882	geckodriver	INFO	geckodriver 0.19.1
1521454585885	geckodriver	INFO	Listening on 127.0.0.1:54673
1521454586974	mozrunner::runner	INFO	Running command: "/usr/bin/firefox" "-marionette" "-profile" "/tmp/rust_mozprofile.aEjuUCNC30NN"
1521454587700	Marionette	INFO	Enabled via --marionette
1521454590488	Marionette	INFO	Listening on port 41599
1521454590584	Marionette	WARN	TLS certificate errors will be ignored for this session
1521454614019	geckodriver	INFO	geckodriver 0.19.1
1521454614025	geckodriver	INFO	Listening on 127.0.0.1:60229
1521454615109	mozrunner::runner	INFO	Running command: "/usr/bin/firefox" "-marionette" "-profile" "/tmp/rust_mozprofile.Ei2ZYjouEQmg"
1521454616689	Marionette	INFO	Enabled via --marionette
1521454619919	Marionette	INFO	Listening on port 41541
1521454619980	Marionette	WARN	TLS certificate errors will be ignored for this session
1521455082548	geckodriver	INFO	geckodriver 0.19.1
1521455082555	geckodriver	INFO	Listening on 127.0.0.1:51085
1521455083642	mozrunner::runner	INFO	Running command: "/usr/bin/firefox" "-marionette" "-profile" "/tmp/rust_mozprofile.WWqLFrrbVuhP"
1521455084599	Marionette	INFO	Enabled via --marionette
1521455087653	Marionette	INFO	Listening on port 46789
1521455087766	Marionette	WARN	TLS certificate errors will be ignored for this session
1521455190031	geckodriver	INFO	geckodriver 0.19.1
1521455190036	geckodriver	INFO	Listening on 127.0.0.1:51649
1521455191125	mozrunner::runner	INFO	Running command: "/usr/bin/firefox" "-marionette" "-profile" "/tmp/rust_mozprofile.4CFnx5GfkKiQ"
1521455192424	Marionette	INFO	Enabled via --marionette
1521455195723	Marionette	INFO	Listening on port 37335
1521455195749	Marionette	WARN	TLS certificate errors will be ignored for this session
1521455220110	geckodriver	INFO	geckodriver 0.19.1
1521455220116	geckodriver	INFO	Listening on 127.0.0.1:45291
1521455221198	mozrunner::runner	INFO	Running command: "/usr/bin/firefox" "-marionette" "-profile" "/tmp/rust_mozprofile.lSsP6YfJVhUr"
1521455222089	Marionette	INFO	Enabled via --marionette
1521455225657	Marionette	INFO	Listening on port 41191
1521455225711	Marionette	WARN	TLS certificate errors will be ignored for this session
1521462038208	geckodriver	INFO	geckodriver 0.19.1
1521462038252	geckodriver	INFO	Listening on 127.0.0.1:60225
1521462039377	mozrunner::runner	INFO	Running command: "/usr/bin/firefox" "-marionette" "-profile" "/tmp/rust_mozprofile.Y6AlbtpxPGcE"
1521462044187	Marionette	INFO	Enabled via --marionette
1521462050776	Marionette	INFO	Listening on port 37231
1521462050908	Marionette	WARN	TLS certificate errors will be ignored for this session
1521462074991	geckodriver	INFO	geckodriver 0.19.1
1521462074996	geckodriver	INFO	Listening on 127.0.0.1:36841
1521462076118	mozrunner::runner	INFO	Running command: "/usr/bin/firefox" "-marionette" "-profile" "/tmp/rust_mozprofile.ScIcUL2PzIMF"
1521462077186	Marionette	INFO	Enabled via --marionette
1521462080219	Marionette	INFO	Listening on port 43305
1521462080251	Marionette	WARN	TLS certificate errors will be ignored for this session
1521467256168	geckodriver	INFO	geckodriver 0.19.1
1521467256184	geckodriver	INFO	Listening on 127.0.0.1:45757
1521467256394	mozrunner::runner	INFO	Running command: "/usr/bin/firefox" "-marionette" "-profile" "/tmp/rust_mozprofile.uYr3Fzg4tbQx"
1521467259730	Marionette	INFO	Enabled via --marionette
1521467265618	Marionette	INFO	Listening on port 34857
1521467266325	Marionette	WARN	TLS certificate errors will be ignored for this session
1521467322290	geckodriver	INFO	geckodriver 0.19.1
1521467322293	geckodriver	INFO	Listening on 127.0.0.1:54907
1521467323381	mozrunner::runner	INFO	Running command: "/usr/bin/firefox" "-marionette" "-profile" "/tmp/rust_mozprofile.VBmV9ZhKbMY9"
1521467324152	Marionette	INFO	Enabled via --marionette
1521467326769	Marionette	INFO	Listening on port 35669
1521467326811	Marionette	WARN	TLS certificate errors will be ignored for this session
[GFX1-]: Receive IPC close with reason=AbnormalShutdown
[Child 13840, Chrome_ChildThread] WARNING: pipe error (3): Соединение разорвано другой стороной: file /build/firefox-GBiM4z/firefox-58.0.2+linuxmint1+sylvia/ipc/chromium/src/chrome/common/ipc_channel_posix.cc, line 353
1521533569131	geckodriver	INFO	geckodriver 0.19.1
1521533569153	geckodriver	INFO	Listening on 127.0.0.1:46187
1521533569536	mozrunner::runner	INFO	Running command: "/usr/bin/firefox" "-marionette" "-profile" "/tmp/rust_mozprofile.x6rVHMYRYLYn"
1521533571035	Marionette	INFO	Enabled via --marionette
1521533575176	Marionette	INFO	Listening on port 41199
1521533575958	Marionette	WARN	TLS certificate errors will be ignored for this session
1521533596737	geckodriver	INFO	geckodriver 0.19.1
1521533596741	geckodriver	INFO	Listening on 127.0.0.1:57859
1521533597828	mozrunner::runner	INFO	Running command: "/usr/bin/firefox" "-marionette" "-profile" "/tmp/rust_mozprofile.BxYsRA0QwOyo"
1521533598591	Marionette	INFO	Enabled via --marionette
1521533601299	Marionette	INFO	Listening on port 46853
1521533601345	Marionette	WARN	TLS certificate errors will be ignored for this session
1521623717860	geckodriver	INFO	geckodriver 0.19.1
1521623717882	geckodriver	INFO	Listening on 127.0.0.1:35737
1521623718162	mozrunner::runner	INFO	Running command: "/usr/bin/firefox" "-marionette" "-profile" "/tmp/rust_mozprofile.IHi0BylSe31w"
1521623719630	Marionette	INFO	Enabled via --marionette
1521623725640	Marionette	INFO	Listening on port 44913
1521623726378	Marionette	WARN	TLS certificate errors will be ignored for this session
1521623748820	geckodriver	INFO	geckodriver 0.19.1
1521623748824	geckodriver	INFO	Listening on 127.0.0.1:41829
1521623749947	mozrunner::runner	INFO	Running command: "/usr/bin/firefox" "-marionette" "-profile" "/tmp/rust_mozprofile.EcZLLOB6lmBV"
1521623750938	Marionette	INFO	Enabled via --marionette
1521623753932	Marionette	INFO	Listening on port 44415
1521623753962	Marionette	WARN	TLS certificate errors will be ignored for this session
1521719781334	geckodriver	INFO	geckodriver 0.19.1
1521719781383	geckodriver	INFO	Listening on 127.0.0.1:52445
1521719781645	mozrunner::runner	INFO	Running command: "/usr/bin/firefox" "-marionette" "-profile" "/tmp/rust_mozprofile.8qcsL7LcdP6w"
1521719785072	Marionette	INFO	Enabled via --marionette
1521719790380	Marionette	INFO	Listening on port 41945
1521719790526	Marionette	WARN	TLS certificate errors will be ignored for this session
[GFX1-]: Receive IPC close with reason=AbnormalShutdown
[Child 20438, Chrome_ChildThread] WARNING: pipe error (3): Соединение разорвано другой стороной: file /build/firefox-mJZawo/firefox-59.0.1+linuxmint1+sylvia/ipc/chromium/src/chrome/common/ipc_channel_posix.cc, line 353
1521719940022	geckodriver	INFO	geckodriver 0.19.1
1521719940028	geckodriver	INFO	Listening on 127.0.0.1:37751
1521719941166	mozrunner::runner	INFO	Running command: "/usr/bin/firefox" "-marionette" "-profile" "/tmp/rust_mozprofile.4DWWSkQcNHRb"
1521719941976	Marionette	INFO	Enabled via --marionette
1521719944806	Marionette	INFO	Listening on port 36063
1521719944884	Marionette	WARN	TLS certificate errors will be ignored for this session
1521720490440	geckodriver	INFO	geckodriver 0.19.1
1521720490444	geckodriver	INFO	Listening on 127.0.0.1:42003
1521720492014	mozrunner::runner	INFO	Running command: "/usr/bin/firefox" "-marionette" "-profile" "/tmp/rust_mozprofile.TzSW5Psh8exo"
1521720492934	Marionette	INFO	Enabled via --marionette
1521720495960	Marionette	INFO	Listening on port 42209
1521720496030	Marionette	WARN	TLS certificate errors will be ignored for this session
[GFX1-]: Receive IPC close with reason=AbnormalShutdown
[Child 23080, Chrome_ChildThread] WARNING: pipe error (3): Соединение разорвано другой стороной: file /build/firefox-mJZawo/firefox-59.0.1+linuxmint1+sylvia/ipc/chromium/src/chrome/common/ipc_channel_posix.cc, line 353
1521720644379	geckodriver	INFO	geckodriver 0.19.1
1521720644382	geckodriver	INFO	Listening on 127.0.0.1:38699
1521720645468	mozrunner::runner	INFO	Running command: "/usr/bin/firefox" "-marionette" "-profile" "/tmp/rust_mozprofile.2znqkAEiZ9Ua"
1521720646292	Marionette	INFO	Enabled via --marionette
1521720649018	Marionette	INFO	Listening on port 39183
1521720649078	Marionette	WARN	TLS certificate errors will be ignored for this session
1522051730789	geckodriver	INFO	geckodriver 0.19.1
1522051730885	geckodriver	INFO	Listening on 127.0.0.1:45791
1522051731459	mozrunner::runner	INFO	Running command: "/usr/bin/firefox" "-marionette" "-profile" "/tmp/rust_mozprofile.5E6n7EgMWWoZ"
1522051732658	Marionette	INFO	Enabled via --marionette
1522051736148	Marionette	INFO	Listening on port 33193
1522051736226	Marionette	WARN	TLS certificate errors will be ignored for this session
1522051760805	geckodriver	INFO	geckodriver 0.19.1
1522051760812	geckodriver	INFO	Listening on 127.0.0.1:33611
1522051761892	mozrunner::runner	INFO	Running command: "/usr/bin/firefox" "-marionette" "-profile" "/tmp/rust_mozprofile.WXz2MyCFIJUN"
1522051762570	Marionette	INFO	Enabled via --marionette
1522051765224	Marionette	INFO	Listening on port 42421
1522051765304	Marionette	WARN	TLS certificate errors will be ignored for this session
1522417646961	geckodriver	INFO	geckodriver 0.19.1
1522417647014	geckodriver	INFO	Listening on 127.0.0.1:34105
1522417648411	mozrunner::runner	INFO	Running command: "/usr/bin/firefox" "-marionette" "-profile" "/tmp/rust_mozprofile.bU2CTPJiFIYl"
1522417654754	Marionette	INFO	Enabled via --marionette
1522417663302	Marionette	INFO	Listening on port 43043
1522417663460	Marionette	WARN	TLS certificate errors will be ignored for this session
1522417684566	geckodriver	INFO	geckodriver 0.19.1
1522417684573	geckodriver	INFO	Listening on 127.0.0.1:49725
1522417685659	mozrunner::runner	INFO	Running command: "/usr/bin/firefox" "-marionette" "-profile" "/tmp/rust_mozprofile.j2XOg51GylqJ"
1522417686984	Marionette	INFO	Enabled via --marionette
1522417690216	Marionette	INFO	Listening on port 44563
1522417690278	Marionette	WARN	TLS certificate errors will be ignored for this session
1522660997747	geckodriver	INFO	geckodriver 0.19.1
1522660997809	geckodriver	INFO	Listening on 127.0.0.1:42345
1522660998106	mozrunner::runner	INFO	Running command: "/usr/bin/firefox" "-marionette" "-profile" "/tmp/rust_mozprofile.9h4EXl7zppKf"
1522661002230	Marionette	INFO	Enabled via --marionette
1522661008330	Marionette	INFO	Listening on port 46475
1522661008476	Marionette	WARN	TLS certificate errors will be ignored for this session
1522661034232	geckodriver	INFO	geckodriver 0.19.1
1522661034236	geckodriver	INFO	Listening on 127.0.0.1:59093
1522661035317	mozrunner::runner	INFO	Running command: "/usr/bin/firefox" "-marionette" "-profile" "/tmp/rust_mozprofile.YaWMLtxNBo9u"
1522661036508	Marionette	INFO	Enabled via --marionette
1522661039176	Marionette	INFO	Listening on port 37315
1522661039240	Marionette	WARN	TLS certificate errors will be ignored for this session
